1/22. Adadelta, lr=2.0
1/10 | accuracy: 0.999666690826416 | val_accuracy: 0.9950000047683716 | time: 879.4146373220719 s.
2/10 | accuracy: 0.9997000098228455 | val_accuracy: 0.9937999844551086 | time: 861.2580168109853 s.
3/10 | accuracy: 0.9997333288192749 | val_accuracy: 0.9955999851226807 | time: 866.2584248259664 s.
4/10 | accuracy: 0.9995499849319458 | val_accuracy: 0.9940999746322632 | time: 863.2073131459765 s.
5/10 | accuracy: 0.9997166395187378 | val_accuracy: 0.9941999912261963 | time: 866.2342894499889 s.
6/10 | accuracy: 0.999666690826416 | val_accuracy: 0.9941999912261963 | time: 864.4034839260858 s.
7/10 | accuracy: 0.9997333288192749 | val_accuracy: 0.9941999912261963 | time: 869.6543012190377 s.
8/10 | accuracy: 0.999666690826416 | val_accuracy: 0.9940000176429749 | time: 869.8328106120462 s.
9/10 | accuracy: 0.9998166561126709 | val_accuracy: 0.9948999881744385 | time: 865.5276521530468 s.
10/10 | accuracy: 0.9996833205223083 | val_accuracy: 0.9955000281333923 | time: 864.0883801300079 s.
INFO:tensorflow:Assets written to: cnn_Adadelta_2.0_0.999733_0.9956_866.988s./assets
accuracy, val_accuracy=[(0.999666690826416, 0.9950000047683716), (0.9997000098228455, 0.9937999844551086), (0.9997333288192749, 0.9955999851226807), (0.9995499849319458, 0.9940999746322632), (0.9997166395187378, 0.9941999912261963), (0.999666690826416, 0.9941999912261963), (0.9997333288192749, 0.9941999912261963), (0.999666690826416, 0.9940000176429749), (0.9998166561126709, 0.9948999881744385), (0.9996833205223083, 0.9955000281333923)]
mean time=866.9879309595213 s.
2/22. RMSprop_centered, lr=0.001
1/10 | accuracy: 0.9996166825294495 | val_accuracy: 0.9940999746322632 | time: 896.6762076569721 s.
2/10 | accuracy: 0.999750018119812 | val_accuracy: 0.9940000176429749 | time: 885.449845929048 s.
3/10 | accuracy: 0.9995999932289124 | val_accuracy: 0.9940999746322632 | time: 886.8242112300359 s.
4/10 | accuracy: 0.9997000098228455 | val_accuracy: 0.9948999881744385 | time: 886.8467196759302 s.
5/10 | accuracy: 0.9995333552360535 | val_accuracy: 0.9943000078201294 | time: 886.9325691889971 s.
6/10 | accuracy: 0.9996333122253418 | val_accuracy: 0.9943000078201294 | time: 891.629704158986 s.
7/10 | accuracy: 0.9996166825294495 | val_accuracy: 0.9950000047683716 | time: 889.973718030029 s.
8/10 | accuracy: 0.9994666576385498 | val_accuracy: 0.993399977684021 | time: 892.0569774180185 s.
9/10 | accuracy: 0.9995666742324829 | val_accuracy: 0.9937999844551086 | time: 893.5075733730337 s.
10/10 | accuracy: 0.999666690826416 | val_accuracy: 0.9943000078201294 | time: 890.8901083020028 s.
INFO:tensorflow:Assets written to: cnn_RMSprop_centered_0.001_0.999617_0.995_890.079s./assets
accuracy, val_accuracy=[(0.9996166825294495, 0.9940999746322632), (0.999750018119812, 0.9940000176429749), (0.9995999932289124, 0.9940999746322632), (0.9997000098228455, 0.9948999881744385), (0.9995333552360535, 0.9943000078201294), (0.9996333122253418, 0.9943000078201294), (0.9996166825294495, 0.9950000047683716), (0.9994666576385498, 0.993399977684021), (0.9995666742324829, 0.9937999844551086), (0.999666690826416, 0.9943000078201294)]
mean time=890.0787634963053 s.
3/22. Adadelta, lr=1.0
1/10 | accuracy: 0.9993333220481873 | val_accuracy: 0.9941999912261963 | time: 881.6973733439809 s.
2/10 | accuracy: 0.9994333386421204 | val_accuracy: 0.9951000213623047 | time: 867.3299315950135 s.
3/10 | accuracy: 0.9993333220481873 | val_accuracy: 0.9951000213623047 | time: 864.1014013229869 s.
4/10 | accuracy: 0.9991999864578247 | val_accuracy: 0.9937999844551086 | time: 864.5029738009907 s.
5/10 | accuracy: 0.9993500113487244 | val_accuracy: 0.9944999814033508 | time: 868.4845166080631 s.
6/10 | accuracy: 0.9991999864578247 | val_accuracy: 0.9941999912261963 | time: 868.00337777799 s.
7/10 | accuracy: 0.9993166923522949 | val_accuracy: 0.9944000244140625 | time: 866.8061042559566 s.
8/10 | accuracy: 0.9993000030517578 | val_accuracy: 0.9950000047683716 | time: 867.8442223999882 s.
9/10 | accuracy: 0.9994000196456909 | val_accuracy: 0.9945999979972839 | time: 868.9816141460324 s.
10/10 | accuracy: 0.9992166757583618 | val_accuracy: 0.9936000108718872 | time: 871.6208610970061 s.
INFO:tensorflow:Assets written to: cnn_Adadelta_1.0_0.999433_0.9951_868.937s./assets
accuracy, val_accuracy=[(0.9993333220481873, 0.9941999912261963), (0.9994333386421204, 0.9951000213623047), (0.9993333220481873, 0.9951000213623047), (0.9991999864578247, 0.9937999844551086), (0.9993500113487244, 0.9944999814033508), (0.9991999864578247, 0.9941999912261963), (0.9993166923522949, 0.9944000244140625), (0.9993000030517578, 0.9950000047683716), (0.9994000196456909, 0.9945999979972839), (0.9992166757583618, 0.9936000108718872)]
mean time=868.9372376348008 s.
4/22. RMSprop, lr=0.001
1/10 | accuracy: 0.9995666742324829 | val_accuracy: 0.9944000244140625 | time: 877.3748826299561 s.
2/10 | accuracy: 0.9995166659355164 | val_accuracy: 0.9944999814033508 | time: 880.2345164830331 s.
3/10 | accuracy: 0.9993833303451538 | val_accuracy: 0.9944999814033508 | time: 876.8503113120096 s.
4/10 | accuracy: 0.9996500015258789 | val_accuracy: 0.9943000078201294 | time: 877.8299437219976 s.
5/10 | accuracy: 0.9997333288192749 | val_accuracy: 0.9943000078201294 | time: 883.8239951019641 s.
6/10 | accuracy: 0.9996333122253418 | val_accuracy: 0.9944999814033508 | time: 887.1488502071006 s.
7/10 | accuracy: 0.999666690826416 | val_accuracy: 0.9937000274658203 | time: 885.1456401129253 s.
8/10 | accuracy: 0.9995833039283752 | val_accuracy: 0.994700014591217 | time: 885.2893801749451 s.
9/10 | accuracy: 0.9995833039283752 | val_accuracy: 0.9936000108718872 | time: 884.7423071300145 s.
10/10 | accuracy: 0.9995166659355164 | val_accuracy: 0.9944999814033508 | time: 884.7307853340171 s.
INFO:tensorflow:Assets written to: cnn_RMSprop_0.001_0.999583_0.9947_882.317s./assets
accuracy, val_accuracy=[(0.9995666742324829, 0.9944000244140625), (0.9995166659355164, 0.9944999814033508), (0.9993833303451538, 0.9944999814033508), (0.9996500015258789, 0.9943000078201294), (0.9997333288192749, 0.9943000078201294), (0.9996333122253418, 0.9944999814033508), (0.999666690826416, 0.9937000274658203), (0.9995833039283752, 0.994700014591217), (0.9995833039283752, 0.9936000108718872), (0.9995166659355164, 0.9944999814033508)]
mean time=882.3170612207963 s.
5/22. Adam_amsgrad, lr=0.001
1/10 | accuracy: 0.999833345413208 | val_accuracy: 0.9937000274658203 | time: 882.8331078180345 s.
2/10 | accuracy: 0.999750018119812 | val_accuracy: 0.9948999881744385 | time: 926.5819982669782 s.
3/10 | accuracy: 0.9997166395187378 | val_accuracy: 0.9937000274658203 | time: 885.2939314550022 s.
4/10 | accuracy: 0.9997833371162415 | val_accuracy: 0.9944999814033508 | time: 881.116873319028 s.
5/10 | accuracy: 0.9998499751091003 | val_accuracy: 0.9944999814033508 | time: 879.0753760989755 s.
6/10 | accuracy: 0.9995833039283752 | val_accuracy: 0.9940999746322632 | time: 881.4909305339679 s.
7/10 | accuracy: 0.9997666478157043 | val_accuracy: 0.9940000176429749 | time: 877.2176708859624 s.
8/10 | accuracy: 0.9998666644096375 | val_accuracy: 0.9934999942779541 | time: 877.5193055809941 s.
9/10 | accuracy: 0.9998499751091003 | val_accuracy: 0.9944000244140625 | time: 874.6406865210738 s.
10/10 | accuracy: 0.999833345413208 | val_accuracy: 0.9936000108718872 | time: 866.5371525499504 s.
INFO:tensorflow:Assets written to: cnn_Adam_amsgrad_0.001_0.99975_0.9949_883.231s./assets
accuracy, val_accuracy=[(0.999833345413208, 0.9937000274658203), (0.999750018119812, 0.9948999881744385), (0.9997166395187378, 0.9937000274658203), (0.9997833371162415, 0.9944999814033508), (0.9998499751091003, 0.9944999814033508), (0.9995833039283752, 0.9940999746322632), (0.9997666478157043, 0.9940000176429749), (0.9998666644096375, 0.9934999942779541), (0.9998499751091003, 0.9944000244140625), (0.999833345413208, 0.9936000108718872)]
mean time=883.2307033029967 s.
6/22. Adadelta, lr=5.0
1/10 | accuracy: 0.9999333620071411 | val_accuracy: 0.9943000078201294 | time: 860.4223026479594 s.
2/10 | accuracy: 0.9996500015258789 | val_accuracy: 0.9937999844551086 | time: 862.9344813710777 s.
3/10 | accuracy: 0.9998666644096375 | val_accuracy: 0.9939000010490417 | time: 870.8135774049442 s.
4/10 | accuracy: 0.999833345413208 | val_accuracy: 0.9944000244140625 | time: 866.8097052749945 s.
5/10 | accuracy: 0.9998166561126709 | val_accuracy: 0.9939000010490417 | time: 861.9133619939676 s.
6/10 | accuracy: 0.9998499751091003 | val_accuracy: 0.9944000244140625 | time: 863.9627349090297 s.
7/10 | accuracy: 0.999833345413208 | val_accuracy: 0.9944000244140625 | time: 866.1126185349422 s.
8/10 | accuracy: 0.999750018119812 | val_accuracy: 0.9940000176429749 | time: 864.3144899499603 s.
9/10 | accuracy: 0.9997166395187378 | val_accuracy: 0.9940999746322632 | time: 860.4703127309913 s.
10/10 | accuracy: 0.9998000264167786 | val_accuracy: 0.9937000274658203 | time: 856.6500160989817 s.
INFO:tensorflow:Assets written to: cnn_Adadelta_5.0_0.99985_0.9944_863.44s./assets
accuracy, val_accuracy=[(0.9999333620071411, 0.9943000078201294), (0.9996500015258789, 0.9937999844551086), (0.9998666644096375, 0.9939000010490417), (0.999833345413208, 0.9944000244140625), (0.9998166561126709, 0.9939000010490417), (0.9998499751091003, 0.9944000244140625), (0.999833345413208, 0.9944000244140625), (0.999750018119812, 0.9940000176429749), (0.9997166395187378, 0.9940999746322632), (0.9998000264167786, 0.9937000274658203)]
mean time=863.4403600916849 s.
7/22. Adamax, lr=0.01
1/10 | accuracy: 0.9998833537101746 | val_accuracy: 0.9941999912261963 | time: 854.6932246459182 s.
2/10 | accuracy: 0.9998499751091003 | val_accuracy: 0.9940000176429749 | time: 855.6409728250001 s.
3/10 | accuracy: 0.9997833371162415 | val_accuracy: 0.9941999912261963 | time: 858.1234336569905 s.
4/10 | accuracy: 0.9999333620071411 | val_accuracy: 0.9937999844551086 | time: 863.9525928579969 s.
5/10 | accuracy: 0.9999666810035706 | val_accuracy: 0.9941999912261963 | time: 863.0406126140151 s.
6/10 | accuracy: 0.9998499751091003 | val_accuracy: 0.9947999715805054 | time: 869.1763220949797 s.
7/10 | accuracy: 0.9998499751091003 | val_accuracy: 0.9934999942779541 | time: 866.236546723987 s.
8/10 | accuracy: 0.9998166561126709 | val_accuracy: 0.9944999814033508 | time: 863.651747485972 s.
9/10 | accuracy: 0.9998833537101746 | val_accuracy: 0.9940999746322632 | time: 860.3443999339361 s.
10/10 | accuracy: 0.9999333620071411 | val_accuracy: 0.9944000244140625 | time: 860.147151925019 s.
INFO:tensorflow:Assets written to: cnn_Adamax_0.01_0.99985_0.9948_861.501s./assets
accuracy, val_accuracy=[(0.9998833537101746, 0.9941999912261963), (0.9998499751091003, 0.9940000176429749), (0.9997833371162415, 0.9941999912261963), (0.9999333620071411, 0.9937999844551086), (0.9999666810035706, 0.9941999912261963), (0.9998499751091003, 0.9947999715805054), (0.9998499751091003, 0.9934999942779541), (0.9998166561126709, 0.9944999814033508), (0.9998833537101746, 0.9940999746322632), (0.9999333620071411, 0.9944000244140625)]
mean time=861.5007004763814 s.
8/22. Adam, lr=0.001
1/10 | accuracy: 0.9998666644096375 | val_accuracy: 0.9926999807357788 | time: 868.6851344079478 s.
2/10 | accuracy: 0.999833345413208 | val_accuracy: 0.9944999814033508 | time: 870.6641451700125 s.
3/10 | accuracy: 0.9998000264167786 | val_accuracy: 0.9937000274658203 | time: 870.1718826559372 s.
4/10 | accuracy: 0.9997833371162415 | val_accuracy: 0.9940000176429749 | time: 868.9094151150202 s.
5/10 | accuracy: 0.9998166561126709 | val_accuracy: 0.9929999709129333 | time: 868.4597011699807 s.
6/10 | accuracy: 0.9998833537101746 | val_accuracy: 0.9940999746322632 | time: 865.8819811969297 s.
7/10 | accuracy: 0.999916672706604 | val_accuracy: 0.9930999875068665 | time: 874.2439658429939 s.
8/10 | accuracy: 0.9997333288192749 | val_accuracy: 0.9944999814033508 | time: 871.2283340079011 s.
9/10 | accuracy: 0.9998166561126709 | val_accuracy: 0.9944000244140625 | time: 876.3468926149653 s.
10/10 | accuracy: 0.9998166561126709 | val_accuracy: 0.9936000108718872 | time: 873.6400408529444 s.
INFO:tensorflow:Assets written to: cnn_Adam_0.001_0.999833_0.9945_870.823s./assets
accuracy, val_accuracy=[(0.9998666644096375, 0.9926999807357788), (0.999833345413208, 0.9944999814033508), (0.9998000264167786, 0.9937000274658203), (0.9997833371162415, 0.9940000176429749), (0.9998166561126709, 0.9929999709129333), (0.9998833537101746, 0.9940999746322632), (0.999916672706604, 0.9930999875068665), (0.9997333288192749, 0.9944999814033508), (0.9998166561126709, 0.9944000244140625), (0.9998166561126709, 0.9936000108718872)]
mean time=870.8231493034633 s.
9/22. AdaBelief_amsgrad, lr=0.01
1/10 | accuracy: 0.9991999864578247 | val_accuracy: 0.9925000071525574 | time: 884.1308253710158 s.
2/10 | accuracy: 0.9991166591644287 | val_accuracy: 0.9919999837875366 | time: 886.7812208120013 s.
3/10 | accuracy: 0.9990333318710327 | val_accuracy: 0.9926000237464905 | time: 881.2180291040568 s.
4/10 | accuracy: 0.9990833401679993 | val_accuracy: 0.9902999997138977 | time: 881.6609872130211 s.
5/10 | accuracy: 0.9991499781608582 | val_accuracy: 0.9926000237464905 | time: 881.6954799470259 s.
6/10 | accuracy: 0.9992499947547913 | val_accuracy: 0.9915000200271606 | time: 888.532017376041 s.
7/10 | accuracy: 0.9990166425704956 | val_accuracy: 0.9925000071525574 | time: 886.8756409839261 s.
8/10 | accuracy: 0.9990166425704956 | val_accuracy: 0.9914000034332275 | time: 888.2470333129168 s.
9/10 | accuracy: 0.9989166855812073 | val_accuracy: 0.9918000102043152 | time: 892.4742820230313 s.
10/10 | accuracy: 0.9991000294685364 | val_accuracy: 0.9921000003814697 | time: 890.6865893530194 s.
INFO:tensorflow:Assets written to: cnn_AdaBelief_amsgrad_0.01_0.99915_0.9926_886.23s./assets
accuracy, val_accuracy=[(0.9991999864578247, 0.9925000071525574), (0.9991166591644287, 0.9919999837875366), (0.9990333318710327, 0.9926000237464905), (0.9990833401679993, 0.9902999997138977), (0.9991499781608582, 0.9926000237464905), (0.9992499947547913, 0.9915000200271606), (0.9990166425704956, 0.9925000071525574), (0.9990166425704956, 0.9914000034332275), (0.9989166855812073, 0.9918000102043152), (0.9991000294685364, 0.9921000003814697)]
mean time=886.2302105496055 s.
10/22. AdaBelief, lr=0.001
1/10 | accuracy: 0.9996833205223083 | val_accuracy: 0.9930999875068665 | time: 897.8161661199993 s.
2/10 | accuracy: 0.9996833205223083 | val_accuracy: 0.9937999844551086 | time: 892.9462121441029 s.
3/10 | accuracy: 0.9995999932289124 | val_accuracy: 0.9940999746322632 | time: 893.178646324086 s.
4/10 | accuracy: 0.9994666576385498 | val_accuracy: 0.9940000176429749 | time: 895.7682082930114 s.
5/10 | accuracy: 0.9997166395187378 | val_accuracy: 0.9937000274658203 | time: 897.4383838890353 s.
6/10 | accuracy: 0.9997333288192749 | val_accuracy: 0.9939000010490417 | time: 900.7655553240329 s.
7/10 | accuracy: 0.9995833039283752 | val_accuracy: 0.9936000108718872 | time: 903.5983647520188 s.
8/10 | accuracy: 0.9996166825294495 | val_accuracy: 0.9934999942779541 | time: 901.2368578270543 s.
9/10 | accuracy: 0.9998166561126709 | val_accuracy: 0.9944000244140625 | time: 900.511329393019 s.
10/10 | accuracy: 0.9996833205223083 | val_accuracy: 0.9936000108718872 | time: 895.0922893140232 s.
INFO:tensorflow:Assets written to: cnn_AdaBelief_0.001_0.999817_0.9944_897.835s./assets
accuracy, val_accuracy=[(0.9996833205223083, 0.9930999875068665), (0.9996833205223083, 0.9937999844551086), (0.9995999932289124, 0.9940999746322632), (0.9994666576385498, 0.9940000176429749), (0.9997166395187378, 0.9937000274658203), (0.9997333288192749, 0.9939000010490417), (0.9995833039283752, 0.9936000108718872), (0.9996166825294495, 0.9934999942779541), (0.9998166561126709, 0.9944000244140625), (0.9996833205223083, 0.9936000108718872)]
mean time=897.8352013380384 s.
11/22. AdaBelief_amsgrad, lr=0.001
1/10 | accuracy: 0.9996500015258789 | val_accuracy: 0.9933000206947327 | time: 903.2834285530262 s.
2/10 | accuracy: 0.9995833039283752 | val_accuracy: 0.9939000010490417 | time: 902.6372670539422 s.
3/10 | accuracy: 0.9996333122253418 | val_accuracy: 0.9936000108718872 | time: 910.618782521924 s.
4/10 | accuracy: 0.9996500015258789 | val_accuracy: 0.9941999912261963 | time: 903.5156456370605 s.
5/10 | accuracy: 0.999666690826416 | val_accuracy: 0.9940999746322632 | time: 896.2349785559345 s.
6/10 | accuracy: 0.999666690826416 | val_accuracy: 0.9945999979972839 | time: 897.2009542200249 s.
7/10 | accuracy: 0.9995666742324829 | val_accuracy: 0.9939000010490417 | time: 905.8392676619114 s.
8/10 | accuracy: 0.9995833039283752 | val_accuracy: 0.9940999746322632 | time: 909.0317307959776 s.
9/10 | accuracy: 0.999750018119812 | val_accuracy: 0.9939000010490417 | time: 904.1347970070783 s.
10/10 | accuracy: 0.999666690826416 | val_accuracy: 0.9940000176429749 | time: 907.989035588922 s.
INFO:tensorflow:Assets written to: cnn_AdaBelief_amsgrad_0.001_0.999667_0.9946_904.049s./assets
accuracy, val_accuracy=[(0.9996500015258789, 0.9933000206947327), (0.9995833039283752, 0.9939000010490417), (0.9996333122253418, 0.9936000108718872), (0.9996500015258789, 0.9941999912261963), (0.999666690826416, 0.9940999746322632), (0.999666690826416, 0.9945999979972839), (0.9995666742324829, 0.9939000010490417), (0.9995833039283752, 0.9940999746322632), (0.999750018119812, 0.9939000010490417), (0.999666690826416, 0.9940000176429749)]
mean time=904.0485887595802 s.
12/22. Nadam, lr=0.001
1/10 | accuracy: 0.9998833537101746 | val_accuracy: 0.993399977684021 | time: 902.9542951430194 s.
2/10 | accuracy: 0.9998000264167786 | val_accuracy: 0.9940999746322632 | time: 902.8065041190712 s.
3/10 | accuracy: 0.9998166561126709 | val_accuracy: 0.9939000010490417 | time: 901.4055813399609 s.
4/10 | accuracy: 0.9996333122253418 | val_accuracy: 0.993399977684021 | time: 894.5580811109394 s.
5/10 | accuracy: 0.9998000264167786 | val_accuracy: 0.9944999814033508 | time: 903.1326439069817 s.
6/10 | accuracy: 0.9998833537101746 | val_accuracy: 0.9940000176429749 | time: 900.4000911000185 s.
7/10 | accuracy: 0.9998166561126709 | val_accuracy: 0.9932000041007996 | time: 905.1205439029727 s.
8/10 | accuracy: 0.999833345413208 | val_accuracy: 0.9944000244140625 | time: 903.9318805630319 s.
9/10 | accuracy: 0.999833345413208 | val_accuracy: 0.9944999814033508 | time: 911.8833279219689 s.
10/10 | accuracy: 0.999833345413208 | val_accuracy: 0.9934999942779541 | time: 898.4669417949626 s.
INFO:tensorflow:Assets written to: cnn_Nadam_0.001_0.999833_0.9945_902.466s./assets
accuracy, val_accuracy=[(0.9998833537101746, 0.993399977684021), (0.9998000264167786, 0.9940999746322632), (0.9998166561126709, 0.9939000010490417), (0.9996333122253418, 0.993399977684021), (0.9998000264167786, 0.9944999814033508), (0.9998833537101746, 0.9940000176429749), (0.9998166561126709, 0.9932000041007996), (0.999833345413208, 0.9944000244140625), (0.999833345413208, 0.9944999814033508), (0.999833345413208, 0.9934999942779541)]
mean time=902.4659890902927 s.
13/22. AdaBelief, lr=0.01
1/10 | accuracy: 0.9986000061035156 | val_accuracy: 0.9921000003814697 | time: 886.8889482879313 s.
2/10 | accuracy: 0.9987833499908447 | val_accuracy: 0.9925000071525574 | time: 885.1210346980952 s.
3/10 | accuracy: 0.9977499842643738 | val_accuracy: 0.9915000200271606 | time: 886.7737863810034 s.
4/10 | accuracy: 0.9981666803359985 | val_accuracy: 0.9907000064849854 | time: 883.2927407679381 s.
5/10 | accuracy: 0.9974666833877563 | val_accuracy: 0.9909999966621399 | time: 879.1502510969294 s.
6/10 | accuracy: 0.9987000226974487 | val_accuracy: 0.9922000169754028 | time: 879.6792127999943 s.
7/10 | accuracy: 0.9987666606903076 | val_accuracy: 0.9919000267982483 | time: 890.9699580179295 s.
8/10 | accuracy: 0.998533308506012 | val_accuracy: 0.9927999973297119 | time: 884.9082162160194 s.
9/10 | accuracy: 0.9983000159263611 | val_accuracy: 0.9894000291824341 | time: 887.7465510489419 s.
10/10 | accuracy: 0.9988166689872742 | val_accuracy: 0.9929999709129333 | time: 883.143989467062 s.
INFO:tensorflow:Assets written to: cnn_AdaBelief_0.01_0.998817_0.993_884.767s./assets
accuracy, val_accuracy=[(0.9986000061035156, 0.9921000003814697), (0.9987833499908447, 0.9925000071525574), (0.9977499842643738, 0.9915000200271606), (0.9981666803359985, 0.9907000064849854), (0.9974666833877563, 0.9909999966621399), (0.9987000226974487, 0.9922000169754028), (0.9987666606903076, 0.9919000267982483), (0.998533308506012, 0.9927999973297119), (0.9983000159263611, 0.9894000291824341), (0.9988166689872742, 0.9929999709129333)]
mean time=884.7674688781844 s.
14/22. Adagrad, lr=0.1
1/10 | accuracy: 0.9989166855812073 | val_accuracy: 0.9945999979972839 | time: 876.1916111849714 s.
2/10 | accuracy: 0.9990333318710327 | val_accuracy: 0.9939000010490417 | time: 869.2039595670067 s.
3/10 | accuracy: 0.9986500144004822 | val_accuracy: 0.9940000176429749 | time: 868.5759773120517 s.
4/10 | accuracy: 0.9988166689872742 | val_accuracy: 0.9937999844551086 | time: 869.260118162958 s.
5/10 | accuracy: 0.9988666772842407 | val_accuracy: 0.9937000274658203 | time: 865.956754589919 s.
6/10 | accuracy: 0.9987666606903076 | val_accuracy: 0.9933000206947327 | time: 871.6939919490833 s.
7/10 | accuracy: 0.9987499713897705 | val_accuracy: 0.9937999844551086 | time: 868.3467253479175 s.
8/10 | accuracy: 0.9989333152770996 | val_accuracy: 0.9940999746322632 | time: 871.9898850409081 s.
9/10 | accuracy: 0.9985833168029785 | val_accuracy: 0.9925000071525574 | time: 868.6827865310479 s.
10/10 | accuracy: 0.9988166689872742 | val_accuracy: 0.992900013923645 | time: 867.2400836239103 s.
INFO:tensorflow:Assets written to: cnn_Adagrad_0.1_0.998917_0.9946_869.714s./assets
accuracy, val_accuracy=[(0.9989166855812073, 0.9945999979972839), (0.9990333318710327, 0.9939000010490417), (0.9986500144004822, 0.9940000176429749), (0.9988166689872742, 0.9937999844551086), (0.9988666772842407, 0.9937000274658203), (0.9987666606903076, 0.9933000206947327), (0.9987499713897705, 0.9937999844551086), (0.9989333152770996, 0.9940999746322632), (0.9985833168029785, 0.9925000071525574), (0.9988166689872742, 0.992900013923645)]
mean time=869.7141893309774 s.
15/22. Adamax, lr=0.001
1/10 | accuracy: 0.9987499713897705 | val_accuracy: 0.9936000108718872 | time: 869.4867598799756 s.
2/10 | accuracy: 0.9988666772842407 | val_accuracy: 0.9937999844551086 | time: 870.85921808891 s.
3/10 | accuracy: 0.9987999796867371 | val_accuracy: 0.993399977684021 | time: 865.7745427669724 s.
4/10 | accuracy: 0.9987000226974487 | val_accuracy: 0.9936000108718872 | time: 871.4541389250662 s.
5/10 | accuracy: 0.9986166954040527 | val_accuracy: 0.9933000206947327 | time: 870.6222688080743 s.
6/10 | accuracy: 0.9987333416938782 | val_accuracy: 0.9937000274658203 | time: 864.4581489349948 s.
7/10 | accuracy: 0.9987999796867371 | val_accuracy: 0.9933000206947327 | time: 866.2689266309608 s.
8/10 | accuracy: 0.9986833333969116 | val_accuracy: 0.9939000010490417 | time: 868.0430052209413 s.
9/10 | accuracy: 0.9984999895095825 | val_accuracy: 0.9926999807357788 | time: 867.3170435020002 s.
10/10 | accuracy: 0.9987000226974487 | val_accuracy: 0.9937999844551086 | time: 873.022926072008 s.
INFO:tensorflow:Assets written to: cnn_Adamax_0.001_0.998683_0.9939_868.731s./assets
accuracy, val_accuracy=[(0.9987499713897705, 0.9936000108718872), (0.9988666772842407, 0.9937999844551086), (0.9987999796867371, 0.993399977684021), (0.9987000226974487, 0.9936000108718872), (0.9986166954040527, 0.9933000206947327), (0.9987333416938782, 0.9937000274658203), (0.9987999796867371, 0.9933000206947327), (0.9986833333969116, 0.9939000010490417), (0.9984999895095825, 0.9926999807357788), (0.9987000226974487, 0.9937999844551086)]
mean time=868.7306978829904 s.
16/22. RMSprop_centered, lr=0.01
1/10 | accuracy: 0.9966166615486145 | val_accuracy: 0.9905999898910522 | time: 876.9908322560368 s.
2/10 | accuracy: 0.9942666888237 | val_accuracy: 0.9894000291824341 | time: 871.0595247679157 s.
3/10 | accuracy: 0.9967166781425476 | val_accuracy: 0.9890000224113464 | time: 873.1199139659293 s.
4/10 | accuracy: 0.9962166547775269 | val_accuracy: 0.9909999966621399 | time: 873.2023072169395 s.
5/10 | accuracy: 0.9958000183105469 | val_accuracy: 0.9889000058174133 | time: 870.6750197489746 s.
6/10 | accuracy: 0.9969000220298767 | val_accuracy: 0.991100013256073 | time: 871.7927991850302 s.
7/10 | accuracy: 0.9971166849136353 | val_accuracy: 0.9919000267982483 | time: 877.3133847999852 s.
8/10 | accuracy: 0.9964666962623596 | val_accuracy: 0.9923999905586243 | time: 876.1077949870378 s.
9/10 | accuracy: 0.9958333373069763 | val_accuracy: 0.9901999831199646 | time: 877.6866968719987 s.
10/10 | accuracy: 0.9970499873161316 | val_accuracy: 0.9923999905586243 | time: 875.7206121080089 s.
INFO:tensorflow:Assets written to: cnn_RMSprop_centered_0.01_0.99705_0.9924_874.367s./assets
accuracy, val_accuracy=[(0.9966166615486145, 0.9905999898910522), (0.9942666888237, 0.9894000291824341), (0.9967166781425476, 0.9890000224113464), (0.9962166547775269, 0.9909999966621399), (0.9958000183105469, 0.9889000058174133), (0.9969000220298767, 0.991100013256073), (0.9971166849136353, 0.9919000267982483), (0.9964666962623596, 0.9923999905586243), (0.9958333373069763, 0.9901999831199646), (0.9970499873161316, 0.9923999905586243)]
mean time=874.3668885907857 s.
17/22. Adam_amsgrad, lr=0.01
1/10 | accuracy: 0.9985833168029785 | val_accuracy: 0.9907000064849854 | time: 865.0165811938932 s.
2/10 | accuracy: 0.9987000226974487 | val_accuracy: 0.9904999732971191 | time: 864.7803039150313 s.
3/10 | accuracy: 0.9989500045776367 | val_accuracy: 0.9923999905586243 | time: 861.0005869889865 s.
4/10 | accuracy: 0.9992499947547913 | val_accuracy: 0.9930999875068665 | time: 862.8664498530561 s.
5/10 | accuracy: 0.9990500211715698 | val_accuracy: 0.9919999837875366 | time: 861.1448857079959 s.
6/10 | accuracy: 0.9987333416938782 | val_accuracy: 0.9926999807357788 | time: 862.2782643130049 s.
7/10 | accuracy: 0.9990500211715698 | val_accuracy: 0.9919999837875366 | time: 857.3399737499421 s.
8/10 | accuracy: 0.9989666938781738 | val_accuracy: 0.9932000041007996 | time: 858.4740844180342 s.
9/10 | accuracy: 0.9989666938781738 | val_accuracy: 0.9916999936103821 | time: 850.7782374970848 s.
10/10 | accuracy: 0.9983500242233276 | val_accuracy: 0.9915000200271606 | time: 848.405821602908 s.
INFO:tensorflow:Assets written to: cnn_Adam_amsgrad_0.01_0.998967_0.9932_859.209s./assets
accuracy, val_accuracy=[(0.9985833168029785, 0.9907000064849854), (0.9987000226974487, 0.9904999732971191), (0.9989500045776367, 0.9923999905586243), (0.9992499947547913, 0.9930999875068665), (0.9990500211715698, 0.9919999837875366), (0.9987333416938782, 0.9926999807357788), (0.9990500211715698, 0.9919999837875366), (0.9989666938781738, 0.9932000041007996), (0.9989666938781738, 0.9916999936103821), (0.9983500242233276, 0.9915000200271606)]
mean time=859.2085189239937 s.
18/22. Nadam, lr=0.01
1/10 | accuracy: 0.9991499781608582 | val_accuracy: 0.9911999702453613 | time: 873.1151127960766 s.
2/10 | accuracy: 0.9992166757583618 | val_accuracy: 0.9908000230789185 | time: 873.1004214970162 s.
3/10 | accuracy: 0.9991833567619324 | val_accuracy: 0.9923999905586243 | time: 879.5390869199764 s.
4/10 | accuracy: 0.9989833235740662 | val_accuracy: 0.9907000064849854 | time: 880.6288830579724 s.
5/10 | accuracy: 0.9965833425521851 | val_accuracy: 0.9900000095367432 | time: 877.0194299200084 s.
6/10 | accuracy: 0.9989166855812073 | val_accuracy: 0.9915000200271606 | time: 883.9007622769568 s.
7/10 | accuracy: 0.9989166855812073 | val_accuracy: 0.9918000102043152 | time: 881.2090210539754 s.
8/10 | accuracy: 0.9990166425704956 | val_accuracy: 0.9919999837875366 | time: 886.4230760920327 s.
9/10 | accuracy: 0.9990000128746033 | val_accuracy: 0.9898999929428101 | time: 891.1872298249509 s.
10/10 | accuracy: 0.9991499781608582 | val_accuracy: 0.9912999868392944 | time: 887.0158262629993 s.
INFO:tensorflow:Assets written to: cnn_Nadam_0.01_0.999183_0.9924_881.314s./assets
accuracy, val_accuracy=[(0.9991499781608582, 0.9911999702453613), (0.9992166757583618, 0.9908000230789185), (0.9991833567619324, 0.9923999905586243), (0.9989833235740662, 0.9907000064849854), (0.9965833425521851, 0.9900000095367432), (0.9989166855812073, 0.9915000200271606), (0.9989166855812073, 0.9918000102043152), (0.9990166425704956, 0.9919999837875366), (0.9990000128746033, 0.9898999929428101), (0.9991499781608582, 0.9912999868392944)]
mean time=881.3138849701966 s.
19/22. Adam, lr=0.01
1/10 | accuracy: 0.9986166954040527 | val_accuracy: 0.9916999936103821 | time: 855.5236033679685 s.
2/10 | accuracy: 0.9977999925613403 | val_accuracy: 0.9894999861717224 | time: 855.841490300023 s.
3/10 | accuracy: 0.9984333515167236 | val_accuracy: 0.9925000071525574 | time: 861.0526324150851 s.
4/10 | accuracy: 0.9986333250999451 | val_accuracy: 0.9914000034332275 | time: 859.6212141329888 s.
5/10 | accuracy: 0.9986666440963745 | val_accuracy: 0.9919999837875366 | time: 862.2753307819366 s.
6/10 | accuracy: 0.9989166855812073 | val_accuracy: 0.9919999837875366 | time: 862.3364501809701 s.
7/10 | accuracy: 0.9978833198547363 | val_accuracy: 0.9907000064849854 | time: 859.9306755790021 s.
8/10 | accuracy: 0.9985666871070862 | val_accuracy: 0.991599977016449 | time: 861.3676090170629 s.
9/10 | accuracy: 0.9991833567619324 | val_accuracy: 0.991599977016449 | time: 857.9490469819866 s.
10/10 | accuracy: 0.9986666440963745 | val_accuracy: 0.9908999800682068 | time: 853.9653540359577 s.
INFO:tensorflow:Assets written to: cnn_Adam_0.01_0.998433_0.9925_858.986s./assets
accuracy, val_accuracy=[(0.9986166954040527, 0.9916999936103821), (0.9977999925613403, 0.9894999861717224), (0.9984333515167236, 0.9925000071525574), (0.9986333250999451, 0.9914000034332275), (0.9986666440963745, 0.9919999837875366), (0.9989166855812073, 0.9919999837875366), (0.9978833198547363, 0.9907000064849854), (0.9985666871070862, 0.991599977016449), (0.9991833567619324, 0.991599977016449), (0.9986666440963745, 0.9908999800682068)]
mean time=858.9863406792981 s.
20/22. RMSprop, lr=0.01
1/10 | accuracy: 0.9972166419029236 | val_accuracy: 0.9914000034332275 | time: 858.3389989360003 s.
2/10 | accuracy: 0.9964166879653931 | val_accuracy: 0.991599977016449 | time: 857.9024496260099 s.
3/10 | accuracy: 0.9977499842643738 | val_accuracy: 0.9921000003814697 | time: 861.2608613909688 s.
4/10 | accuracy: 0.9939500093460083 | val_accuracy: 0.9884999990463257 | time: 864.4824965799926 s.
5/10 | accuracy: 0.9975333213806152 | val_accuracy: 0.9922000169754028 | time: 871.9717281969497 s.
6/10 | accuracy: 0.9958666563034058 | val_accuracy: 0.9894999861717224 | time: 871.1179318249924 s.
7/10 | accuracy: 0.9949833154678345 | val_accuracy: 0.9882000088691711 | time: 871.0749016390182 s.
8/10 | accuracy: 0.9967666864395142 | val_accuracy: 0.9890999794006348 | time: 871.0087251510704 s.
9/10 | accuracy: 0.9972833395004272 | val_accuracy: 0.9904999732971191 | time: 868.8714673940558 s.
10/10 | accuracy: 0.9972833395004272 | val_accuracy: 0.9929999709129333 | time: 867.9678323080298 s.
INFO:tensorflow:Assets written to: cnn_RMSprop_0.01_0.997283_0.993_866.4s./assets
accuracy, val_accuracy=[(0.9972166419029236, 0.9914000034332275), (0.9964166879653931, 0.991599977016449), (0.9977499842643738, 0.9921000003814697), (0.9939500093460083, 0.9884999990463257), (0.9975333213806152, 0.9922000169754028), (0.9958666563034058, 0.9894999861717224), (0.9949833154678345, 0.9882000088691711), (0.9967666864395142, 0.9890999794006348), (0.9972833395004272, 0.9904999732971191), (0.9972833395004272, 0.9929999709129333)]
mean time=866.3997393047088 s.
21/22. SGD_nesterov, lr=0.1
1/10 | accuracy: 0.9951000213623047 | val_accuracy: 0.9919000267982483 | time: 877.0839715049369 s.
2/10 | accuracy: 0.9956166744232178 | val_accuracy: 0.9921000003814697 | time: 870.6659195650136 s.
3/10 | accuracy: 0.9955166578292847 | val_accuracy: 0.9925000071525574 | time: 867.6001959739951 s.
4/10 | accuracy: 0.9956666827201843 | val_accuracy: 0.9922000169754028 | time: 868.8165215780027 s.
5/10 | accuracy: 0.995116651058197 | val_accuracy: 0.992900013923645 | time: 869.9964098879136 s.
6/10 | accuracy: 0.9950833320617676 | val_accuracy: 0.9929999709129333 | time: 871.172158265952 s.
7/10 | accuracy: 0.9948999881744385 | val_accuracy: 0.9926000237464905 | time: 875.0747602969641 s.
8/10 | accuracy: 0.9952166676521301 | val_accuracy: 0.9918000102043152 | time: 872.5671951330733 s.
9/10 | accuracy: 0.9955166578292847 | val_accuracy: 0.9927999973297119 | time: 871.655670245993 s.
10/10 | accuracy: 0.9952499866485596 | val_accuracy: 0.9916999936103821 | time: 870.0248122219928 s.
INFO:tensorflow:Assets written to: cnn_SGD_nesterov_0.1_0.995083_0.993_871.466s./assets
accuracy, val_accuracy=[(0.9951000213623047, 0.9919000267982483), (0.9956166744232178, 0.9921000003814697), (0.9955166578292847, 0.9925000071525574), (0.9956666827201843, 0.9922000169754028), (0.995116651058197, 0.992900013923645), (0.9950833320617676, 0.9929999709129333), (0.9948999881744385, 0.9926000237464905), (0.9952166676521301, 0.9918000102043152), (0.9955166578292847, 0.9927999973297119), (0.9952499866485596, 0.9916999936103821)]
mean time=871.4657614673837 s.
22/22. SGD, lr=0.1
1/10 | accuracy: 0.9954166412353516 | val_accuracy: 0.9927999973297119 | time: 867.825327141094 s.
2/10 | accuracy: 0.9956333041191101 | val_accuracy: 0.9930999875068665 | time: 868.5346288580913 s.
3/10 | accuracy: 0.9958333373069763 | val_accuracy: 0.9927999973297119 | time: 867.7544229459018 s.
4/10 | accuracy: 0.9955499768257141 | val_accuracy: 0.9923999905586243 | time: 865.579579805024 s.
5/10 | accuracy: 0.9953166842460632 | val_accuracy: 0.9922000169754028 | time: 869.620335450978 s.
6/10 | accuracy: 0.9954500198364258 | val_accuracy: 0.9923999905586243 | time: 866.1087898599217 s.
7/10 | accuracy: 0.9955833554267883 | val_accuracy: 0.9922000169754028 | time: 866.0498986840248 s.
8/10 | accuracy: 0.9956666827201843 | val_accuracy: 0.9922000169754028 | time: 864.893792449031 s.
9/10 | accuracy: 0.9953500032424927 | val_accuracy: 0.9922000169754028 | time: 870.3961092249956 s.
10/10 | accuracy: 0.9956166744232178 | val_accuracy: 0.992900013923645 | time: 870.6361550150905 s.
INFO:tensorflow:Assets written to: cnn_SGD_0.1_0.995633_0.9931_867.74s./assets
accuracy, val_accuracy=[(0.9954166412353516, 0.9927999973297119), (0.9956333041191101, 0.9930999875068665), (0.9958333373069763, 0.9927999973297119), (0.9955499768257141, 0.9923999905586243), (0.9953166842460632, 0.9922000169754028), (0.9954500198364258, 0.9923999905586243), (0.9955833554267883, 0.9922000169754028), (0.9956666827201843, 0.9922000169754028), (0.9953500032424927, 0.9922000169754028), (0.9956166744232178, 0.992900013923645)]
mean time=867.7399039434152 s.