1/12. SGD_nesterov, lr=1.0
1/10 | accuracy: 1.0 | val_accuracy: 0.9837999939918518 | time: 140.23558185203 s.
2/10 | accuracy: 1.0 | val_accuracy: 0.9850000143051147 | time: 135.4950014540227 s.
3/10 | accuracy: 1.0 | val_accuracy: 0.9837999939918518 | time: 134.3338169179624 s.
4/10 | accuracy: 1.0 | val_accuracy: 0.9842000007629395 | time: 135.9467403109884 s.
5/10 | accuracy: 1.0 | val_accuracy: 0.9839000105857849 | time: 138.07125018897932 s.
6/10 | accuracy: 1.0 | val_accuracy: 0.9836000204086304 | time: 134.65718137298245 s.
7/10 | accuracy: 1.0 | val_accuracy: 0.9832000136375427 | time: 138.05671027803328 s.
8/10 | accuracy: 1.0 | val_accuracy: 0.9830999970436096 | time: 189.92040838696994 s.
9/10 | accuracy: 1.0 | val_accuracy: 0.9832000136375427 | time: 146.89661389694083 s.
10/10 | accuracy: 1.0 | val_accuracy: 0.9833999872207642 | time: 136.089023948065 s.
INFO:tensorflow:Assets written to: mlp_SGD_nesterov_1.0_1_0.985_142.97s./assets
accuracy, val_accuracy=[(1.0, 0.9837999939918518), (1.0, 0.9850000143051147), (1.0, 0.9837999939918518), (1.0, 0.9842000007629395), (1.0, 0.9839000105857849), (1.0, 0.9836000204086304), (1.0, 0.9832000136375427), (1.0, 0.9830999970436096), (1.0, 0.9832000136375427), (1.0, 0.9833999872207642)]
mean time=142.97023286069742 s.
2/12. Adadelta, lr=5.0
1/10 | accuracy: 1.0 | val_accuracy: 0.9839000105857849 | time: 275.04169449210167 s.
2/10 | accuracy: 1.0 | val_accuracy: 0.9847999811172485 | time: 271.79378494306 s.
3/10 | accuracy: 1.0 | val_accuracy: 0.9836000204086304 | time: 273.89209300803486 s.
4/10 | accuracy: 1.0 | val_accuracy: 0.983299970626831 | time: 269.7671861021081 s.
5/10 | accuracy: 1.0 | val_accuracy: 0.984499990940094 | time: 272.1163688909728 s.
6/10 | accuracy: 1.0 | val_accuracy: 0.9830999970436096 | time: 271.67370919999667 s.
7/10 | accuracy: 1.0 | val_accuracy: 0.9832000136375427 | time: 272.28338950907346 s.
8/10 | accuracy: 1.0 | val_accuracy: 0.9837999939918518 | time: 274.36862652597483 s.
9/10 | accuracy: 1.0 | val_accuracy: 0.9829000234603882 | time: 273.45935150107834 s.
10/10 | accuracy: 1.0 | val_accuracy: 0.9842000007629395 | time: 273.3513537939871 s.
INFO:tensorflow:Assets written to: mlp_Adadelta_5.0_1_0.9848_272.775s./assets
accuracy, val_accuracy=[(1.0, 0.9839000105857849), (1.0, 0.9847999811172485), (1.0, 0.9836000204086304), (1.0, 0.983299970626831), (1.0, 0.984499990940094), (1.0, 0.9830999970436096), (1.0, 0.9832000136375427), (1.0, 0.9837999939918518), (1.0, 0.9829000234603882), (1.0, 0.9842000007629395)]
mean time=272.7747557966388 s.
3/12. Adagrad, lr=1.0
1/10 | accuracy: 1.0 | val_accuracy: 0.983299970626831 | time: 136.5861359690316 s.
2/10 | accuracy: 1.0 | val_accuracy: 0.9828000068664551 | time: 135.60686067596544 s.
3/10 | accuracy: 1.0 | val_accuracy: 0.9837999939918518 | time: 137.08278833399527 s.
4/10 | accuracy: 1.0 | val_accuracy: 0.9836000204086304 | time: 135.37182866199873 s.
5/10 | accuracy: 1.0 | val_accuracy: 0.982699990272522 | time: 134.4602655650815 s.
6/10 | accuracy: 1.0 | val_accuracy: 0.9840999841690063 | time: 136.30720437399577 s.
7/10 | accuracy: 1.0 | val_accuracy: 0.9829000234603882 | time: 136.46517901599873 s.
8/10 | accuracy: 1.0 | val_accuracy: 0.9836000204086304 | time: 136.29339313006494 s.
9/10 | accuracy: 1.0 | val_accuracy: 0.9836000204086304 | time: 135.40791908907704 s.
10/10 | accuracy: 1.0 | val_accuracy: 0.9811999797821045 | time: 135.42851870297454 s.
INFO:tensorflow:Assets written to: mlp_Adagrad_1.0_1_0.9841_135.901s./assets
accuracy, val_accuracy=[(1.0, 0.983299970626831), (1.0, 0.9828000068664551), (1.0, 0.9837999939918518), (1.0, 0.9836000204086304), (1.0, 0.982699990272522), (1.0, 0.9840999841690063), (1.0, 0.9829000234603882), (1.0, 0.9836000204086304), (1.0, 0.9836000204086304), (1.0, 0.9811999797821045)]
mean time=135.90100935181835 s.
4/12. SGD, lr=1.0
1/10 | accuracy: 1.0 | val_accuracy: 0.9825999736785889 | time: 119.75604673405178 s.
2/10 | accuracy: 1.0 | val_accuracy: 0.9830999970436096 | time: 122.61650042294059 s.
3/10 | accuracy: 1.0 | val_accuracy: 0.9836000204086304 | time: 119.45335552003235 s.
4/10 | accuracy: 1.0 | val_accuracy: 0.984000027179718 | time: 118.32765318395104 s.
5/10 | accuracy: 1.0 | val_accuracy: 0.9825000166893005 | time: 120.72212970699184 s.
6/10 | accuracy: 1.0 | val_accuracy: 0.9835000038146973 | time: 120.13647836691234 s.
7/10 | accuracy: 1.0 | val_accuracy: 0.9829999804496765 | time: 119.90508422302082 s.
8/10 | accuracy: 1.0 | val_accuracy: 0.9818000197410583 | time: 122.0904914640123 s.
9/10 | accuracy: 1.0 | val_accuracy: 0.9825000166893005 | time: 118.90466063201893 s.
10/10 | accuracy: 1.0 | val_accuracy: 0.9824000000953674 | time: 120.42285020602867 s.
INFO:tensorflow:Assets written to: mlp_SGD_1.0_1_0.984_120.234s./assets
accuracy, val_accuracy=[(1.0, 0.9825999736785889), (1.0, 0.9830999970436096), (1.0, 0.9836000204086304), (1.0, 0.984000027179718), (1.0, 0.9825000166893005), (1.0, 0.9835000038146973), (1.0, 0.9829999804496765), (1.0, 0.9818000197410583), (1.0, 0.9825000166893005), (1.0, 0.9824000000953674)]
mean time=120.23352504599606 s.
5/12. Adamax, lr=0.01
1/10 | accuracy: 0.9999833106994629 | val_accuracy: 0.9835000038146973 | time: 151.8146320009837 s.
2/10 | accuracy: 1.0 | val_accuracy: 0.9840999841690063 | time: 149.0747002470307 s.
3/10 | accuracy: 0.9999833106994629 | val_accuracy: 0.9822999835014343 | time: 150.4357603190001 s.
4/10 | accuracy: 1.0 | val_accuracy: 0.9830999970436096 | time: 150.9148121100152 s.
5/10 | accuracy: 0.9999833106994629 | val_accuracy: 0.9835000038146973 | time: 150.77907315304037 s.
6/10 | accuracy: 1.0 | val_accuracy: 0.9840999841690063 | time: 149.65398964902852 s.
7/10 | accuracy: 1.0 | val_accuracy: 0.9836000204086304 | time: 149.67596475197934 s.
8/10 | accuracy: 1.0 | val_accuracy: 0.9833999872207642 | time: 150.91064187302254 s.
9/10 | accuracy: 1.0 | val_accuracy: 0.9825999736785889 | time: 151.07660502998624 s.
10/10 | accuracy: 1.0 | val_accuracy: 0.9833999872207642 | time: 150.90188589389436 s.
INFO:tensorflow:Assets written to: mlp_Adamax_0.01_1_0.9841_150.524s./assets
accuracy, val_accuracy=[(0.9999833106994629, 0.9835000038146973), (1.0, 0.9840999841690063), (0.9999833106994629, 0.9822999835014343), (1.0, 0.9830999970436096), (0.9999833106994629, 0.9835000038146973), (1.0, 0.9840999841690063), (1.0, 0.9836000204086304), (1.0, 0.9833999872207642), (1.0, 0.9825999736785889), (1.0, 0.9833999872207642)]
mean time=150.5238065027981 s.
6/12. Adam_amsgrad, lr=0.001
1/10 | accuracy: 1.0 | val_accuracy: 0.982699990272522 | time: 238.6194941319991 s.
2/10 | accuracy: 1.0 | val_accuracy: 0.9825999736785889 | time: 236.68540856300388 s.
3/10 | accuracy: 1.0 | val_accuracy: 0.9818999767303467 | time: 238.10989519394934 s.
4/10 | accuracy: 1.0 | val_accuracy: 0.9830999970436096 | time: 238.22711325995624 s.
5/10 | accuracy: 1.0 | val_accuracy: 0.9829000234603882 | time: 241.3245749550406 s.
6/10 | accuracy: 1.0 | val_accuracy: 0.9818000197410583 | time: 240.6571268569678 s.
7/10 | accuracy: 1.0 | val_accuracy: 0.9824000000953674 | time: 243.36828080099076 s.
8/10 | accuracy: 1.0 | val_accuracy: 0.9835000038146973 | time: 239.48805946402717 s.
9/10 | accuracy: 1.0 | val_accuracy: 0.9825999736785889 | time: 239.40297624806408 s.
10/10 | accuracy: 1.0 | val_accuracy: 0.982200026512146 | time: 237.76655189902522 s.
INFO:tensorflow:Assets written to: mlp_Adam_amsgrad_0.001_1_0.9835_239.365s./assets
accuracy, val_accuracy=[(1.0, 0.982699990272522), (1.0, 0.9825999736785889), (1.0, 0.9818999767303467), (1.0, 0.9830999970436096), (1.0, 0.9829000234603882), (1.0, 0.9818000197410583), (1.0, 0.9824000000953674), (1.0, 0.9835000038146973), (1.0, 0.9825999736785889), (1.0, 0.982200026512146)]
mean time=239.3649481373024 s.
7/12. AdaBelief_amsgrad, lr=0.001
1/10 | accuracy: 1.0 | val_accuracy: 0.9832000136375427 | time: 223.7091973030474 s.
2/10 | accuracy: 1.0 | val_accuracy: 0.982699990272522 | time: 226.51050983101595 s.
3/10 | accuracy: 1.0 | val_accuracy: 0.9836000204086304 | time: 224.65279242105316 s.
4/10 | accuracy: 1.0 | val_accuracy: 0.9825000166893005 | time: 225.12104899797123 s.
5/10 | accuracy: 1.0 | val_accuracy: 0.9821000099182129 | time: 224.0022528389236 s.
6/10 | accuracy: 1.0 | val_accuracy: 0.9822999835014343 | time: 225.49807286600117 s.
7/10 | accuracy: 1.0 | val_accuracy: 0.9825000166893005 | time: 224.805403336999 s.
8/10 | accuracy: 1.0 | val_accuracy: 0.9811999797821045 | time: 224.6500255789142 s.
9/10 | accuracy: 1.0 | val_accuracy: 0.9815000295639038 | time: 225.1671280299779 s.
10/10 | accuracy: 1.0 | val_accuracy: 0.9818000197410583 | time: 226.805526056909 s.
INFO:tensorflow:Assets written to: mlp_AdaBelief_amsgrad_0.001_1_0.9836_225.092s./assets
accuracy, val_accuracy=[(1.0, 0.9832000136375427), (1.0, 0.982699990272522), (1.0, 0.9836000204086304), (1.0, 0.9825000166893005), (1.0, 0.9821000099182129), (1.0, 0.9822999835014343), (1.0, 0.9825000166893005), (1.0, 0.9811999797821045), (1.0, 0.9815000295639038), (1.0, 0.9818000197410583)]
mean time=225.09219572608126 s.
8/12. AdaBelief, lr=0.001
1/10 | accuracy: 0.9993666410446167 | val_accuracy: 0.9819999933242798 | time: 733.8015875420533 s.
2/10 | accuracy: 0.9991000294685364 | val_accuracy: 0.9811999797821045 | time: 745.1951627790695 s.
3/10 | accuracy: 0.9995666742324829 | val_accuracy: 0.9819999933242798 | time: 750.5047810160322 s.
4/10 | accuracy: 0.9997666478157043 | val_accuracy: 0.9815000295639038 | time: 749.9224380130181 s.
5/10 | accuracy: 0.9994999766349792 | val_accuracy: 0.9807000160217285 | time: 742.6697510260856 s.
6/10 | accuracy: 0.9992166757583618 | val_accuracy: 0.9803000092506409 | time: 732.8959706949536 s.
7/10 | accuracy: 0.9994500279426575 | val_accuracy: 0.9811000227928162 | time: 731.163314934005 s.
8/10 | accuracy: 0.9992666840553284 | val_accuracy: 0.9815999865531921 | time: 736.8982360910159 s.
9/10 | accuracy: 0.9994666576385498 | val_accuracy: 0.9818000197410583 | time: 746.5832591040526 s.
10/10 | accuracy: 0.9993500113487244 | val_accuracy: 0.9807000160217285 | time: 742.8942953570513 s.
INFO:tensorflow:Assets written to: mlp_AdaBelief_0.001_0.999567_0.982_741.253s./assets
accuracy, val_accuracy=[(0.9993666410446167, 0.9819999933242798), (0.9991000294685364, 0.9811999797821045), (0.9995666742324829, 0.9819999933242798), (0.9997666478157043, 0.9815000295639038), (0.9994999766349792, 0.9807000160217285), (0.9992166757583618, 0.9803000092506409), (0.9994500279426575, 0.9811000227928162), (0.9992666840553284, 0.9815999865531921), (0.9994666576385498, 0.9818000197410583), (0.9993500113487244, 0.9807000160217285)]
mean time=741.2528796557338 s.
9/12. Nadam, lr=0.001
1/10 | accuracy: 0.9986000061035156 | val_accuracy: 0.9794999957084656 | time: 243.18267533998005 s.
2/10 | accuracy: 0.9997666478157043 | val_accuracy: 0.9818000197410583 | time: 241.93658813892398 s.
3/10 | accuracy: 0.9998833537101746 | val_accuracy: 0.9807000160217285 | time: 241.0707713610027 s.
4/10 | accuracy: 0.9994999766349792 | val_accuracy: 0.9797000288963318 | time: 244.25410051096696 s.
5/10 | accuracy: 1.0 | val_accuracy: 0.9821000099182129 | time: 241.30597083398607 s.
6/10 | accuracy: 0.9989833235740662 | val_accuracy: 0.9782999753952026 | time: 245.22871022392064 s.
7/10 | accuracy: 0.999666690826416 | val_accuracy: 0.9822999835014343 | time: 245.99134165095165 s.
8/10 | accuracy: 0.9989500045776367 | val_accuracy: 0.9787999987602234 | time: 243.2170411729021 s.
9/10 | accuracy: 0.9994500279426575 | val_accuracy: 0.9793999791145325 | time: 241.66099910100456 s.
10/10 | accuracy: 0.9997000098228455 | val_accuracy: 0.9786999821662903 | time: 244.33963008609135 s.
INFO:tensorflow:Assets written to: mlp_Nadam_0.001_0.999667_0.9823_243.219s./assets
accuracy, val_accuracy=[(0.9986000061035156, 0.9794999957084656), (0.9997666478157043, 0.9818000197410583), (0.9998833537101746, 0.9807000160217285), (0.9994999766349792, 0.9797000288963318), (1.0, 0.9821000099182129), (0.9989833235740662, 0.9782999753952026), (0.999666690826416, 0.9822999835014343), (0.9989500045776367, 0.9787999987602234), (0.9994500279426575, 0.9793999791145325), (0.9997000098228455, 0.9786999821662903)]
mean time=243.218782841973 s.
10/12. Adam, lr=0.001
1/10 | accuracy: 0.9994666576385498 | val_accuracy: 0.9815999865531921 | time: 211.98234235309064 s.
2/10 | accuracy: 0.9998499751091003 | val_accuracy: 0.9818999767303467 | time: 213.42452785396017 s.
3/10 | accuracy: 0.999916672706604 | val_accuracy: 0.9824000000953674 | time: 210.37474384496454 s.
4/10 | accuracy: 0.9990666508674622 | val_accuracy: 0.980400025844574 | time: 207.52749068289995 s.
5/10 | accuracy: 0.9998833537101746 | val_accuracy: 0.9814000129699707 | time: 209.98308952793013 s.
6/10 | accuracy: 0.9998000264167786 | val_accuracy: 0.9805999994277954 | time: 210.63274105999153 s.
7/10 | accuracy: 0.9994166493415833 | val_accuracy: 0.9817000031471252 | time: 213.102279772982 s.
8/10 | accuracy: 0.9998833537101746 | val_accuracy: 0.9825000166893005 | time: 207.1037678529974 s.
9/10 | accuracy: 0.999750018119812 | val_accuracy: 0.9828000068664551 | time: 210.46287953306455 s.
10/10 | accuracy: 0.9994999766349792 | val_accuracy: 0.980400025844574 | time: 211.17892846895847 s.
INFO:tensorflow:Assets written to: mlp_Adam_0.001_0.99975_0.9828_210.577s./assets
accuracy, val_accuracy=[(0.9994666576385498, 0.9815999865531921), (0.9998499751091003, 0.9818999767303467), (0.999916672706604, 0.9824000000953674), (0.9990666508674622, 0.980400025844574), (0.9998833537101746, 0.9814000129699707), (0.9998000264167786, 0.9805999994277954), (0.9994166493415833, 0.9817000031471252), (0.9998833537101746, 0.9825000166893005), (0.999750018119812, 0.9828000068664551), (0.9994999766349792, 0.980400025844574)]
mean time=210.57727909508395 s.
11/12. RMSprop, lr=0.001
1/10 | accuracy: 0.9997166395187378 | val_accuracy: 0.9794999957084656 | time: 142.3164306189865 s.
2/10 | accuracy: 0.999666690826416 | val_accuracy: 0.978600025177002 | time: 143.39359509991482 s.
3/10 | accuracy: 0.9999333620071411 | val_accuracy: 0.9807000160217285 | time: 141.8604105869308 s.
4/10 | accuracy: 0.9999666810035706 | val_accuracy: 0.9797000288963318 | time: 143.20075363002252 s.
5/10 | accuracy: 0.9999333620071411 | val_accuracy: 0.978600025177002 | time: 143.57187926303595 s.
6/10 | accuracy: 0.9998666644096375 | val_accuracy: 0.978600025177002 | time: 140.93106739397626 s.
7/10 | accuracy: 0.9998833537101746 | val_accuracy: 0.9812999963760376 | time: 142.74610670702532 s.
8/10 | accuracy: 0.9999499917030334 | val_accuracy: 0.98089998960495 | time: 145.35878157499246 s.
9/10 | accuracy: 0.9998999834060669 | val_accuracy: 0.9789000153541565 | time: 142.55073101795278 s.
10/10 | accuracy: 1.0 | val_accuracy: 0.9818000197410583 | time: 144.40055098303128 s.
INFO:tensorflow:Assets written to: mlp_RMSprop_0.001_1_0.9818_143.033s./assets
accuracy, val_accuracy=[(0.9997166395187378, 0.9794999957084656), (0.999666690826416, 0.978600025177002), (0.9999333620071411, 0.9807000160217285), (0.9999666810035706, 0.9797000288963318), (0.9999333620071411, 0.978600025177002), (0.9998666644096375, 0.978600025177002), (0.9998833537101746, 0.9812999963760376), (0.9999499917030334, 0.98089998960495), (0.9998999834060669, 0.9789000153541565), (1.0, 0.9818000197410583)]
mean time=143.03303068758686 s.
12/12. RMSprop_centered, lr=0.001
1/10 | accuracy: 0.9999666810035706 | val_accuracy: 0.980400025844574 | time: 176.8654726720415 s.
2/10 | accuracy: 1.0 | val_accuracy: 0.9807999730110168 | time: 178.81278247502632 s.
3/10 | accuracy: 0.9999333620071411 | val_accuracy: 0.9805999994277954 | time: 177.8889308309881 s.
4/10 | accuracy: 0.999833345413208 | val_accuracy: 0.9782999753952026 | time: 178.4703791900538 s.
5/10 | accuracy: 0.9999666810035706 | val_accuracy: 0.982200026512146 | time: 178.56560192501638 s.
6/10 | accuracy: 0.9997666478157043 | val_accuracy: 0.9794999957084656 | time: 178.35567353502847 s.
7/10 | accuracy: 0.9998666644096375 | val_accuracy: 0.9790999889373779 | time: 180.81506755610462 s.
8/10 | accuracy: 0.9999666810035706 | val_accuracy: 0.9793999791145325 | time: 176.354350892012 s.
9/10 | accuracy: 0.999916672706604 | val_accuracy: 0.9794999957084656 | time: 177.66452068800572 s.
10/10 | accuracy: 0.9998666644096375 | val_accuracy: 0.9807999730110168 | time: 178.59151374804787 s.
INFO:tensorflow:Assets written to: mlp_RMSprop_centered_0.001_0.999967_0.9822_178.238s./assets
accuracy, val_accuracy=[(0.9999666810035706, 0.980400025844574), (1.0, 0.9807999730110168), (0.9999333620071411, 0.9805999994277954), (0.999833345413208, 0.9782999753952026), (0.9999666810035706, 0.982200026512146), (0.9997666478157043, 0.9794999957084656), (0.9998666644096375, 0.9790999889373779), (0.9999666810035706, 0.9793999791145325), (0.999916672706604, 0.9794999957084656), (0.9998666644096375, 0.9807999730110168)]
mean time=178.23842935123247 s.