1/12. Adagrad, lr=0.1
1/10 | accuracy: 0.999916672706604 | val_accuracy: 0.9855999946594238 | time: 210.18574428604916 s.
2/10 | accuracy: 0.9998000264167786 | val_accuracy: 0.9864000082015991 | time: 275.91737063403707 s.
3/10 | accuracy: 0.9999499917030334 | val_accuracy: 0.9861999750137329 | time: 224.9773887739284 s.
4/10 | accuracy: 0.9998666644096375 | val_accuracy: 0.9854999780654907 | time: 202.94407342094928 s.
5/10 | accuracy: 0.9999499917030334 | val_accuracy: 0.986299991607666 | time: 202.78146112791728 s.
6/10 | accuracy: 0.9999499917030334 | val_accuracy: 0.9861000180244446 | time: 222.04184458602685 s.
7/10 | accuracy: 0.9998999834060669 | val_accuracy: 0.9850000143051147 | time: 204.72674950794317 s.
8/10 | accuracy: 0.9998666644096375 | val_accuracy: 0.9855999946594238 | time: 204.22442759305704 s.
9/10 | accuracy: 0.9998166561126709 | val_accuracy: 0.983299970626831 | time: 209.31192365603056 s.
10/10 | accuracy: 0.9999499917030334 | val_accuracy: 0.9858999848365784 | time: 203.118162308936 s.
INFO:tensorflow:Assets written to: relu_dropout_Adagrad_0.1_0.9998_0.9864_216.023s./assets
accuracy, val_accuracy=[(0.999916672706604, 0.9855999946594238), (0.9998000264167786, 0.9864000082015991), (0.9999499917030334, 0.9861999750137329), (0.9998666644096375, 0.9854999780654907), (0.9999499917030334, 0.986299991607666), (0.9999499917030334, 0.9861000180244446), (0.9998999834060669, 0.9850000143051147), (0.9998666644096375, 0.9855999946594238), (0.9998166561126709, 0.983299970626831), (0.9999499917030334, 0.9858999848365784)]
mean time=216.02291458948747 s.
2/12. SGD, lr=0.1
1/10 | accuracy: 0.9995166659355164 | val_accuracy: 0.984499990940094 | time: 105.13787540793419 s.
2/10 | accuracy: 0.9994333386421204 | val_accuracy: 0.9868000149726868 | time: 105.74644671194255 s.
3/10 | accuracy: 0.9995166659355164 | val_accuracy: 0.9854000210762024 | time: 104.86060928204097 s.
4/10 | accuracy: 0.9995999932289124 | val_accuracy: 0.9853000044822693 | time: 104.01372244895902 s.
5/10 | accuracy: 0.9993333220481873 | val_accuracy: 0.98580002784729 | time: 105.85941699403338 s.
6/10 | accuracy: 0.9995999932289124 | val_accuracy: 0.9866999983787537 | time: 104.1504429950146 s.
7/10 | accuracy: 0.9988999962806702 | val_accuracy: 0.9837999939918518 | time: 105.73073554399889 s.
8/10 | accuracy: 0.9994500279426575 | val_accuracy: 0.9871000051498413 | time: 104.87707131798379 s.
9/10 | accuracy: 0.9998000264167786 | val_accuracy: 0.9861999750137329 | time: 105.33894938603044 s.
10/10 | accuracy: 0.999666690826416 | val_accuracy: 0.9872000217437744 | time: 105.43881784006953 s.
INFO:tensorflow:Assets written to: relu_dropout_SGD_0.1_0.999667_0.9872_105.115s./assets
accuracy, val_accuracy=[(0.9995166659355164, 0.984499990940094), (0.9994333386421204, 0.9868000149726868), (0.9995166659355164, 0.9854000210762024), (0.9995999932289124, 0.9853000044822693), (0.9993333220481873, 0.98580002784729), (0.9995999932289124, 0.9866999983787537), (0.9988999962806702, 0.9837999939918518), (0.9994500279426575, 0.9871000051498413), (0.9998000264167786, 0.9861999750137329), (0.999666690826416, 0.9872000217437744)]
mean time=105.11540879280074 s.
3/12. SGD_nesterov, lr=0.1
1/10 | accuracy: 0.9997000098228455 | val_accuracy: 0.9851999878883362 | time: 104.52270688395947 s.
2/10 | accuracy: 0.9990333318710327 | val_accuracy: 0.9853000044822693 | time: 104.7200563729275 s.
3/10 | accuracy: 0.9985499978065491 | val_accuracy: 0.9847999811172485 | time: 105.35695244302042 s.
4/10 | accuracy: 0.9995666742324829 | val_accuracy: 0.9865000247955322 | time: 105.07671068399213 s.
5/10 | accuracy: 0.9995166659355164 | val_accuracy: 0.9872999787330627 | time: 106.19499136204831 s.
6/10 | accuracy: 0.9997333288192749 | val_accuracy: 0.9868999719619751 | time: 105.08544684608933 s.
7/10 | accuracy: 0.9994833469390869 | val_accuracy: 0.986299991607666 | time: 104.46086057298817 s.
8/10 | accuracy: 0.9997166395187378 | val_accuracy: 0.9883999824523926 | time: 105.46582669811323 s.
9/10 | accuracy: 0.9996333122253418 | val_accuracy: 0.9860000014305115 | time: 105.7920423289761 s.
10/10 | accuracy: 0.9996166825294495 | val_accuracy: 0.9857000112533569 | time: 105.12779059400782 s.
INFO:tensorflow:Assets written to: relu_dropout_SGD_nesterov_0.1_0.999717_0.9884_105.18s./assets
accuracy, val_accuracy=[(0.9997000098228455, 0.9851999878883362), (0.9990333318710327, 0.9853000044822693), (0.9985499978065491, 0.9847999811172485), (0.9995666742324829, 0.9865000247955322), (0.9995166659355164, 0.9872999787330627), (0.9997333288192749, 0.9868999719619751), (0.9994833469390869, 0.986299991607666), (0.9997166395187378, 0.9883999824523926), (0.9996333122253418, 0.9860000014305115), (0.9996166825294495, 0.9857000112533569)]
mean time=105.18033847861224 s.
4/12. AdaBelief_amsgrad, lr=0.001
1/10 | accuracy: 0.9995499849319458 | val_accuracy: 0.9848999977111816 | time: 293.8155294500757 s.
2/10 | accuracy: 0.9996166825294495 | val_accuracy: 0.9848999977111816 | time: 292.289375410066 s.
3/10 | accuracy: 0.9997333288192749 | val_accuracy: 0.984499990940094 | time: 293.69828937901184 s.
4/10 | accuracy: 0.9996833205223083 | val_accuracy: 0.9858999848365784 | time: 295.45884302502964 s.
5/10 | accuracy: 0.9998666644096375 | val_accuracy: 0.9868000149726868 | time: 293.3425783609273 s.
6/10 | accuracy: 0.9993000030517578 | val_accuracy: 0.9836999773979187 | time: 294.7145658689551 s.
7/10 | accuracy: 0.9995166659355164 | val_accuracy: 0.9846000075340271 | time: 299.905160548049 s.
8/10 | accuracy: 0.999666690826416 | val_accuracy: 0.9855999946594238 | time: 300.3090651840903 s.
9/10 | accuracy: 0.9998833537101746 | val_accuracy: 0.9864000082015991 | time: 296.5112036030041 s.
10/10 | accuracy: 0.9994999766349792 | val_accuracy: 0.9858999848365784 | time: 295.0112256660359 s.
INFO:tensorflow:Assets written to: relu_dropout_AdaBelief_amsgrad_0.001_0.999867_0.9868_295.506s./assets
accuracy, val_accuracy=[(0.9995499849319458, 0.9848999977111816), (0.9996166825294495, 0.9848999977111816), (0.9997333288192749, 0.984499990940094), (0.9996833205223083, 0.9858999848365784), (0.9998666644096375, 0.9868000149726868), (0.9993000030517578, 0.9836999773979187), (0.9995166659355164, 0.9846000075340271), (0.999666690826416, 0.9855999946594238), (0.9998833537101746, 0.9864000082015991), (0.9994999766349792, 0.9858999848365784)]
mean time=295.5055836495245 s.
5/12. Adamax, lr=0.01
1/10 | accuracy: 0.9993333220481873 | val_accuracy: 0.9825000166893005 | time: 225.2268601550022 s.
2/10 | accuracy: 0.9993833303451538 | val_accuracy: 0.9833999872207642 | time: 225.13702497503255 s.
3/10 | accuracy: 0.9993166923522949 | val_accuracy: 0.982200026512146 | time: 224.73293568298686 s.
4/10 | accuracy: 0.9997166395187378 | val_accuracy: 0.9853000044822693 | time: 225.99450734409038 s.
5/10 | accuracy: 0.9998166561126709 | val_accuracy: 0.984499990940094 | time: 225.61505049699917 s.
6/10 | accuracy: 0.999666690826416 | val_accuracy: 0.9851999878883362 | time: 224.26549744303338 s.
7/10 | accuracy: 0.9998000264167786 | val_accuracy: 0.9828000068664551 | time: 224.41060330392793 s.
8/10 | accuracy: 0.9994000196456909 | val_accuracy: 0.9837999939918518 | time: 228.06749836204108 s.
9/10 | accuracy: 0.9994833469390869 | val_accuracy: 0.9840999841690063 | time: 224.50051155209076 s.
10/10 | accuracy: 0.9995499849319458 | val_accuracy: 0.9864000082015991 | time: 224.02159927506 s.
INFO:tensorflow:Assets written to: relu_dropout_Adamax_0.01_0.99955_0.9864_225.197s./assets
accuracy, val_accuracy=[(0.9993333220481873, 0.9825000166893005), (0.9993833303451538, 0.9833999872207642), (0.9993166923522949, 0.982200026512146), (0.9997166395187378, 0.9853000044822693), (0.9998166561126709, 0.984499990940094), (0.999666690826416, 0.9851999878883362), (0.9998000264167786, 0.9828000068664551), (0.9994000196456909, 0.9837999939918518), (0.9994833469390869, 0.9840999841690063), (0.9995499849319458, 0.9864000082015991)]
mean time=225.19720885902643 s.
6/12. Adadelta, lr=2
1/10 | accuracy: 0.9998999834060669 | val_accuracy: 0.98580002784729 | time: 131.8140268860152 s.
2/10 | accuracy: 0.9997833371162415 | val_accuracy: 0.9868999719619751 | time: 132.85886240401305 s.
3/10 | accuracy: 0.9993000030517578 | val_accuracy: 0.9833999872207642 | time: 133.0573624750832 s.
4/10 | accuracy: 0.9996333122253418 | val_accuracy: 0.9861999750137329 | time: 132.18979023199063 s.
5/10 | accuracy: 0.9992666840553284 | val_accuracy: 0.984499990940094 | time: 132.60258853191044 s.
6/10 | accuracy: 0.9997333288192749 | val_accuracy: 0.9858999848365784 | time: 133.16689399594907 s.
7/10 | accuracy: 0.9993833303451538 | val_accuracy: 0.9848999977111816 | time: 131.64996638300363 s.
8/10 | accuracy: 0.9998833537101746 | val_accuracy: 0.9860000014305115 | time: 133.30529606807977 s.
9/10 | accuracy: 0.9994500279426575 | val_accuracy: 0.9833999872207642 | time: 132.68643376696855 s.
10/10 | accuracy: 0.9995166659355164 | val_accuracy: 0.9868000149726868 | time: 133.7039545030566 s.
INFO:tensorflow:Assets written to: relu_dropout_Adadelta_2_0.999783_0.9869_132.704s./assets
accuracy, val_accuracy=[(0.9998999834060669, 0.98580002784729), (0.9997833371162415, 0.9868999719619751), (0.9993000030517578, 0.9833999872207642), (0.9996333122253418, 0.9861999750137329), (0.9992666840553284, 0.984499990940094), (0.9997333288192749, 0.9858999848365784), (0.9993833303451538, 0.9848999977111816), (0.9998833537101746, 0.9860000014305115), (0.9994500279426575, 0.9833999872207642), (0.9995166659355164, 0.9868000149726868)]
mean time=132.703517524607 s.
7/12. Adam_amsgrad, lr=0.001
1/10 | accuracy: 0.9997333288192749 | val_accuracy: 0.9848999977111816 | time: 202.793071127031 s.
2/10 | accuracy: 0.9996833205223083 | val_accuracy: 0.9847999811172485 | time: 205.3115385218989 s.
3/10 | accuracy: 0.999750018119812 | val_accuracy: 0.9847000241279602 | time: 204.08192743791733 s.
4/10 | accuracy: 0.9998999834060669 | val_accuracy: 0.984499990940094 | time: 203.80007627396844 s.
5/10 | accuracy: 0.9996833205223083 | val_accuracy: 0.9846000075340271 | time: 204.18171709601302 s.
6/10 | accuracy: 0.9998166561126709 | val_accuracy: 0.9853000044822693 | time: 202.7813967029797 s.
7/10 | accuracy: 0.9997000098228455 | val_accuracy: 0.9829999804496765 | time: 203.1791581780417 s.
8/10 | accuracy: 0.9996166825294495 | val_accuracy: 0.9855999946594238 | time: 202.819757059915 s.
9/10 | accuracy: 0.9997666478157043 | val_accuracy: 0.986299991607666 | time: 202.1224951229524 s.
10/10 | accuracy: 0.9998666644096375 | val_accuracy: 0.9850000143051147 | time: 204.79854145203717 s.
INFO:tensorflow:Assets written to: relu_dropout_Adam_amsgrad_0.001_0.999767_0.9863_203.587s./assets
accuracy, val_accuracy=[(0.9997333288192749, 0.9848999977111816), (0.9996833205223083, 0.9847999811172485), (0.999750018119812, 0.9847000241279602), (0.9998999834060669, 0.984499990940094), (0.9996833205223083, 0.9846000075340271), (0.9998166561126709, 0.9853000044822693), (0.9997000098228455, 0.9829999804496765), (0.9996166825294495, 0.9855999946594238), (0.9997666478157043, 0.986299991607666), (0.9998666644096375, 0.9850000143051147)]
mean time=203.58696789727546 s.
8/12. Adam, lr=0.001
1/10 | accuracy: 0.9990500211715698 | val_accuracy: 0.982699990272522 | time: 141.90622431098018 s.
2/10 | accuracy: 0.9993333220481873 | val_accuracy: 0.9842000007629395 | time: 141.98671082605142 s.
3/10 | accuracy: 0.9994000196456909 | val_accuracy: 0.9843000173568726 | time: 143.17168698098976 s.
4/10 | accuracy: 0.9992166757583618 | val_accuracy: 0.9850000143051147 | time: 143.45222448802087 s.
5/10 | accuracy: 0.9994833469390869 | val_accuracy: 0.984000027179718 | time: 141.16142129700165 s.
6/10 | accuracy: 0.9995333552360535 | val_accuracy: 0.9842000007629395 | time: 141.8374228689354 s.
7/10 | accuracy: 0.9990666508674622 | val_accuracy: 0.9836999773979187 | time: 142.60526738502085 s.
8/10 | accuracy: 0.9990166425704956 | val_accuracy: 0.9830999970436096 | time: 146.27759505109861 s.
9/10 | accuracy: 0.9992166757583618 | val_accuracy: 0.9835000038146973 | time: 143.6097666840069 s.
10/10 | accuracy: 0.9991333484649658 | val_accuracy: 0.982200026512146 | time: 141.7202168609947 s.
INFO:tensorflow:Assets written to: relu_dropout_Adam_0.001_0.999217_0.985_142.773s./assets
accuracy, val_accuracy=[(0.9990500211715698, 0.982699990272522), (0.9993333220481873, 0.9842000007629395), (0.9994000196456909, 0.9843000173568726), (0.9992166757583618, 0.9850000143051147), (0.9994833469390869, 0.984000027179718), (0.9995333552360535, 0.9842000007629395), (0.9990666508674622, 0.9836999773979187), (0.9990166425704956, 0.9830999970436096), (0.9992166757583618, 0.9835000038146973), (0.9991333484649658, 0.982200026512146)]
mean time=142.77285367531005 s.
9/12. AdaBelief, lr=0.001
1/10 | accuracy: 0.9987166523933411 | val_accuracy: 0.9822999835014343 | time: 212.96299237408675 s.
2/10 | accuracy: 0.9980999827384949 | val_accuracy: 0.9810000061988831 | time: 212.72118630202021 s.
3/10 | accuracy: 0.9988833069801331 | val_accuracy: 0.9839000105857849 | time: 211.4823585889535 s.
4/10 | accuracy: 0.9986666440963745 | val_accuracy: 0.9846000075340271 | time: 215.17556082096417 s.
5/10 | accuracy: 0.9985833168029785 | val_accuracy: 0.9811999797821045 | time: 216.94857420399785 s.
6/10 | accuracy: 0.9988333582878113 | val_accuracy: 0.9832000136375427 | time: 210.5910270550521 s.
7/10 | accuracy: 0.9988166689872742 | val_accuracy: 0.9825999736785889 | time: 213.0187316739466 s.
8/10 | accuracy: 0.9988166689872742 | val_accuracy: 0.9829000234603882 | time: 212.2379550349433 s.
9/10 | accuracy: 0.9986333250999451 | val_accuracy: 0.9825000166893005 | time: 210.8498480139533 s.
10/10 | accuracy: 0.9988333582878113 | val_accuracy: 0.9853000044822693 | time: 213.21866104600485 s.
INFO:tensorflow:Assets written to: relu_dropout_AdaBelief_0.001_0.998833_0.9853_212.921s./assets
accuracy, val_accuracy=[(0.9987166523933411, 0.9822999835014343), (0.9980999827384949, 0.9810000061988831), (0.9988833069801331, 0.9839000105857849), (0.9986666440963745, 0.9846000075340271), (0.9985833168029785, 0.9811999797821045), (0.9988333582878113, 0.9832000136375427), (0.9988166689872742, 0.9825999736785889), (0.9988166689872742, 0.9829000234603882), (0.9986333250999451, 0.9825000166893005), (0.9988333582878113, 0.9853000044822693)]
mean time=212.92068951139225 s.
10/12. Nadam, lr=0.001
1/10 | accuracy: 0.9994500279426575 | val_accuracy: 0.9843000173568726 | time: 197.38841977808625 s.
2/10 | accuracy: 0.9987999796867371 | val_accuracy: 0.9829000234603882 | time: 196.97870871401392 s.
3/10 | accuracy: 0.9989666938781738 | val_accuracy: 0.9829999804496765 | time: 198.14030394994188 s.
4/10 | accuracy: 0.9986833333969116 | val_accuracy: 0.9829999804496765 | time: 198.7570047780173 s.
5/10 | accuracy: 0.9992666840553284 | val_accuracy: 0.9837999939918518 | time: 197.85880916798487 s.
6/10 | accuracy: 0.9993666410446167 | val_accuracy: 0.9832000136375427 | time: 196.9088638080284 s.
7/10 | accuracy: 0.9993500113487244 | val_accuracy: 0.9835000038146973 | time: 196.4847105870722 s.
8/10 | accuracy: 0.9994333386421204 | val_accuracy: 0.9830999970436096 | time: 197.13925783790182 s.
9/10 | accuracy: 0.9991499781608582 | val_accuracy: 0.9828000068664551 | time: 198.45229193707928 s.
10/10 | accuracy: 0.9994166493415833 | val_accuracy: 0.9847000241279602 | time: 198.71082517504692 s.
INFO:tensorflow:Assets written to: relu_dropout_Nadam_0.001_0.999417_0.9847_197.682s./assets
accuracy, val_accuracy=[(0.9994500279426575, 0.9843000173568726), (0.9987999796867371, 0.9829000234603882), (0.9989666938781738, 0.9829999804496765), (0.9986833333969116, 0.9829999804496765), (0.9992666840553284, 0.9837999939918518), (0.9993666410446167, 0.9832000136375427), (0.9993500113487244, 0.9835000038146973), (0.9994333386421204, 0.9830999970436096), (0.9991499781608582, 0.9828000068664551), (0.9994166493415833, 0.9847000241279602)]
mean time=197.6819195733173 s.
11/12. RMSprop, lr=0.001
1/10 | accuracy: 0.9980499744415283 | val_accuracy: 0.9832000136375427 | time: 152.25507772993296 s.
2/10 | accuracy: 0.998449981212616 | val_accuracy: 0.9828000068664551 | time: 152.37789011595305 s.
3/10 | accuracy: 0.9979666471481323 | val_accuracy: 0.9829000234603882 | time: 152.2944174670847 s.
4/10 | accuracy: 0.9980833530426025 | val_accuracy: 0.9824000000953674 | time: 152.72649282205384 s.
5/10 | accuracy: 0.9979666471481323 | val_accuracy: 0.9840999841690063 | time: 152.4170441980241 s.
6/10 | accuracy: 0.9987833499908447 | val_accuracy: 0.9830999970436096 | time: 152.238470387063 s.
7/10 | accuracy: 0.9974166750907898 | val_accuracy: 0.9818000197410583 | time: 151.45163351495285 s.
8/10 | accuracy: 0.9987333416938782 | val_accuracy: 0.9832000136375427 | time: 151.05403466394637 s.
9/10 | accuracy: 0.9985499978065491 | val_accuracy: 0.982699990272522 | time: 151.8399988610763 s.
10/10 | accuracy: 0.9978166818618774 | val_accuracy: 0.9819999933242798 | time: 150.4782333819894 s.
INFO:tensorflow:Assets written to: relu_dropout_RMSprop_0.001_0.997967_0.9841_151.913s./assets
accuracy, val_accuracy=[(0.9980499744415283, 0.9832000136375427), (0.998449981212616, 0.9828000068664551), (0.9979666471481323, 0.9829000234603882), (0.9980833530426025, 0.9824000000953674), (0.9979666471481323, 0.9840999841690063), (0.9987833499908447, 0.9830999970436096), (0.9974166750907898, 0.9818000197410583), (0.9987333416938782, 0.9832000136375427), (0.9985499978065491, 0.982699990272522), (0.9978166818618774, 0.9819999933242798)]
mean time=151.91332931420766 s.
12/12. RMSprop_centered, lr=0.001
1/10 | accuracy: 0.9967666864395142 | val_accuracy: 0.9799000024795532 | time: 184.29912837105803 s.
2/10 | accuracy: 0.9947166442871094 | val_accuracy: 0.9800000190734863 | time: 185.58477978396695 s.
3/10 | accuracy: 0.9961833357810974 | val_accuracy: 0.979200005531311 | time: 183.7619150460232 s.
4/10 | accuracy: 0.9955833554267883 | val_accuracy: 0.9829000234603882 | time: 185.6893095499836 s.
5/10 | accuracy: 0.9967166781425476 | val_accuracy: 0.9829999804496765 | time: 184.2982709360076 s.
6/10 | accuracy: 0.9965000152587891 | val_accuracy: 0.9822999835014343 | time: 184.05759062001016 s.
7/10 | accuracy: 0.9962499737739563 | val_accuracy: 0.9822999835014343 | time: 186.2954631530447 s.
8/10 | accuracy: 0.996150016784668 | val_accuracy: 0.9815000295639038 | time: 184.02092680893838 s.
9/10 | accuracy: 0.993483304977417 | val_accuracy: 0.9799000024795532 | time: 186.74715347599704 s.
10/10 | accuracy: 0.9955499768257141 | val_accuracy: 0.9805999994277954 | time: 185.20060343202204 s.
INFO:tensorflow:Assets written to: relu_dropout_RMSprop_centered_0.001_0.996717_0.983_184.996s./assets
accuracy, val_accuracy=[(0.9967666864395142, 0.9799000024795532), (0.9947166442871094, 0.9800000190734863), (0.9961833357810974, 0.979200005531311), (0.9955833554267883, 0.9829000234603882), (0.9967166781425476, 0.9829999804496765), (0.9965000152587891, 0.9822999835014343), (0.9962499737739563, 0.9822999835014343), (0.996150016784668, 0.9815000295639038), (0.993483304977417, 0.9799000024795532), (0.9955499768257141, 0.9805999994277954)]
mean time=184.99551411770517 s.